<?xml version="1.0" encoding="UTF-8"?>
<testng-results skipped="0" failed="0" ignored="0" total="2" passed="2">
  <reporter-output>
  </reporter-output>
  <suite name="Suite" duration-ms="68293" started-at="2019-12-16T13:10:11Z" finished-at="2019-12-16T13:11:19Z">
    <groups>
    </groups>
    <test name="Test" duration-ms="68293" started-at="2019-12-16T13:10:11Z" finished-at="2019-12-16T13:11:19Z">
      <class name="com.inet.testcases.TC1_LoginTest">
        <test-method status="PASS" signature="setUp(java.lang.String)[pri:0, instance:com.inet.testcases.TC1_LoginTest@4411d970]" name="setUp" is-config="true" duration-ms="23416" started-at="2019-12-16T13:10:11Z" finished-at="2019-12-16T13:10:35Z">
          <params>
            <param index="0">
              <value>
                <![CDATA[chrome]]>
              </value>
            </param>
          </params>
          <reporter-output>
          </reporter-output>
        </test-method> <!-- setUp -->
        <test-method status="PASS" signature="loginTest()[pri:0, instance:com.inet.testcases.TC1_LoginTest@4411d970]" name="loginTest" duration-ms="7872" started-at="2019-12-16T13:10:35Z" finished-at="2019-12-16T13:10:42Z">
          <reporter-output>
          </reporter-output>
        </test-method> <!-- loginTest -->
        <test-method status="PASS" signature="tearDown()[pri:0, instance:com.inet.testcases.TC1_LoginTest@4411d970]" name="tearDown" is-config="true" duration-ms="700" started-at="2019-12-16T13:10:42Z" finished-at="2019-12-16T13:10:43Z">
          <reporter-output>
          </reporter-output>
        </test-method> <!-- tearDown -->
      </class> <!-- com.inet.testcases.TC1_LoginTest -->
      <class name="com.inet.testcases.TC3_AddCustomerTest">
        <test-method status="PASS" signature="setUp(java.lang.String)[pri:0, instance:com.inet.testcases.TC3_AddCustomerTest@6442b0a6]" name="setUp" is-config="true" duration-ms="8642" started-at="2019-12-16T13:10:43Z" finished-at="2019-12-16T13:10:52Z">
          <params>
            <param index="0">
              <value>
                <![CDATA[chrome]]>
              </value>
            </param>
          </params>
          <reporter-output>
          </reporter-output>
        </test-method> <!-- setUp -->
        <test-method status="PASS" signature="addNewCustomer()[pri:0, instance:com.inet.testcases.TC3_AddCustomerTest@6442b0a6]" name="addNewCustomer" duration-ms="26374" started-at="2019-12-16T13:10:52Z" finished-at="2019-12-16T13:11:18Z">
          <reporter-output>
          </reporter-output>
        </test-method> <!-- addNewCustomer -->
        <test-method status="PASS" signature="tearDown()[pri:0, instance:com.inet.testcases.TC3_AddCustomerTest@6442b0a6]" name="tearDown" is-config="true" duration-ms="764" started-at="2019-12-16T13:11:18Z" finished-at="2019-12-16T13:11:19Z">
          <reporter-output>
          </reporter-output>
        </test-method> <!-- tearDown -->
      </class> <!-- com.inet.testcases.TC3_AddCustomerTest -->
    </test> <!-- Test -->
  </suite> <!-- Suite -->
</testng-results>
